[2024-03-24T02:46:59.108+0000] {processor.py:161} INFO - Started process (PID=83) to work on /home/airflow/.local/lib/python3.8/site-packages/airflow/example_dags/example_bash_operator.py
[2024-03-24T02:46:59.109+0000] {processor.py:830} INFO - Processing file /home/airflow/.local/lib/python3.8/site-packages/airflow/example_dags/example_bash_operator.py for tasks to queue
[2024-03-24T02:46:59.111+0000] {logging_mixin.py:188} INFO - [2024-03-24T02:46:59.111+0000] {dagbag.py:538} INFO - Filling up the DagBag from /home/airflow/.local/lib/python3.8/site-packages/airflow/example_dags/example_bash_operator.py
[2024-03-24T02:46:59.122+0000] {processor.py:840} INFO - DAG(s) 'example_bash_operator' retrieved from /home/airflow/.local/lib/python3.8/site-packages/airflow/example_dags/example_bash_operator.py
[2024-03-24T02:46:59.146+0000] {logging_mixin.py:188} INFO - [2024-03-24T02:46:59.146+0000] {dag.py:3036} INFO - Sync 1 DAGs
[2024-03-24T02:46:59.164+0000] {logging_mixin.py:188} INFO - [2024-03-24T02:46:59.164+0000] {dag.py:3823} INFO - Setting next_dagrun for example_bash_operator to 2024-03-23 00:00:00+00:00, run_after=2024-03-24 00:00:00+00:00
[2024-03-24T02:46:59.181+0000] {processor.py:183} INFO - Processing /home/airflow/.local/lib/python3.8/site-packages/airflow/example_dags/example_bash_operator.py took 0.076 seconds
[2024-03-24T02:47:29.497+0000] {processor.py:161} INFO - Started process (PID=140) to work on /home/airflow/.local/lib/python3.8/site-packages/airflow/example_dags/example_bash_operator.py
[2024-03-24T02:47:29.497+0000] {processor.py:830} INFO - Processing file /home/airflow/.local/lib/python3.8/site-packages/airflow/example_dags/example_bash_operator.py for tasks to queue
[2024-03-24T02:47:29.499+0000] {logging_mixin.py:188} INFO - [2024-03-24T02:47:29.499+0000] {dagbag.py:538} INFO - Filling up the DagBag from /home/airflow/.local/lib/python3.8/site-packages/airflow/example_dags/example_bash_operator.py
[2024-03-24T02:47:29.510+0000] {processor.py:840} INFO - DAG(s) 'example_bash_operator' retrieved from /home/airflow/.local/lib/python3.8/site-packages/airflow/example_dags/example_bash_operator.py
[2024-03-24T02:47:29.519+0000] {logging_mixin.py:188} INFO - [2024-03-24T02:47:29.518+0000] {dag.py:3036} INFO - Sync 1 DAGs
[2024-03-24T02:47:29.537+0000] {logging_mixin.py:188} INFO - [2024-03-24T02:47:29.537+0000] {dag.py:3823} INFO - Setting next_dagrun for example_bash_operator to 2024-03-23 00:00:00+00:00, run_after=2024-03-24 00:00:00+00:00
[2024-03-24T02:47:29.552+0000] {processor.py:183} INFO - Processing /home/airflow/.local/lib/python3.8/site-packages/airflow/example_dags/example_bash_operator.py took 0.058 seconds
[2024-03-24T02:48:01.219+0000] {processor.py:161} INFO - Started process (PID=197) to work on /home/airflow/.local/lib/python3.8/site-packages/airflow/example_dags/example_bash_operator.py
[2024-03-24T02:48:01.220+0000] {processor.py:830} INFO - Processing file /home/airflow/.local/lib/python3.8/site-packages/airflow/example_dags/example_bash_operator.py for tasks to queue
[2024-03-24T02:48:01.221+0000] {logging_mixin.py:188} INFO - [2024-03-24T02:48:01.221+0000] {dagbag.py:538} INFO - Filling up the DagBag from /home/airflow/.local/lib/python3.8/site-packages/airflow/example_dags/example_bash_operator.py
[2024-03-24T02:48:01.230+0000] {processor.py:840} INFO - DAG(s) 'example_bash_operator' retrieved from /home/airflow/.local/lib/python3.8/site-packages/airflow/example_dags/example_bash_operator.py
[2024-03-24T02:48:01.308+0000] {logging_mixin.py:188} INFO - [2024-03-24T02:48:01.307+0000] {dag.py:3036} INFO - Sync 1 DAGs
[2024-03-24T02:48:01.324+0000] {logging_mixin.py:188} INFO - [2024-03-24T02:48:01.324+0000] {dag.py:3823} INFO - Setting next_dagrun for example_bash_operator to 2024-03-23 00:00:00+00:00, run_after=2024-03-24 00:00:00+00:00
[2024-03-24T02:48:01.339+0000] {processor.py:183} INFO - Processing /home/airflow/.local/lib/python3.8/site-packages/airflow/example_dags/example_bash_operator.py took 0.123 seconds
