[2024-03-24T02:46:56.628+0000] {processor.py:161} INFO - Started process (PID=42) to work on /home/airflow/.local/lib/python3.8/site-packages/airflow/example_dags/example_branch_datetime_operator.py
[2024-03-24T02:46:56.629+0000] {processor.py:830} INFO - Processing file /home/airflow/.local/lib/python3.8/site-packages/airflow/example_dags/example_branch_datetime_operator.py for tasks to queue
[2024-03-24T02:46:56.631+0000] {logging_mixin.py:188} INFO - [2024-03-24T02:46:56.630+0000] {dagbag.py:538} INFO - Filling up the DagBag from /home/airflow/.local/lib/python3.8/site-packages/airflow/example_dags/example_branch_datetime_operator.py
[2024-03-24T02:46:56.648+0000] {processor.py:840} INFO - DAG(s) 'example_branch_datetime_operator', 'example_branch_datetime_operator_3', 'example_branch_datetime_operator_2' retrieved from /home/airflow/.local/lib/python3.8/site-packages/airflow/example_dags/example_branch_datetime_operator.py
[2024-03-24T02:46:56.675+0000] {logging_mixin.py:188} INFO - [2024-03-24T02:46:56.675+0000] {dag.py:3036} INFO - Sync 3 DAGs
[2024-03-24T02:46:56.695+0000] {logging_mixin.py:188} INFO - [2024-03-24T02:46:56.695+0000] {dag.py:3823} INFO - Setting next_dagrun for example_branch_datetime_operator to 2024-03-23 00:00:00+00:00, run_after=2024-03-24 00:00:00+00:00
[2024-03-24T02:46:56.700+0000] {logging_mixin.py:188} INFO - [2024-03-24T02:46:56.700+0000] {dag.py:3823} INFO - Setting next_dagrun for example_branch_datetime_operator_2 to 2024-03-23 00:00:00+00:00, run_after=2024-03-24 00:00:00+00:00
[2024-03-24T02:46:56.702+0000] {logging_mixin.py:188} INFO - [2024-03-24T02:46:56.702+0000] {dag.py:3823} INFO - Setting next_dagrun for example_branch_datetime_operator_3 to 2024-03-23 00:00:00+00:00, run_after=2024-03-24 00:00:00+00:00
[2024-03-24T02:46:56.719+0000] {processor.py:183} INFO - Processing /home/airflow/.local/lib/python3.8/site-packages/airflow/example_dags/example_branch_datetime_operator.py took 0.095 seconds
[2024-03-24T02:47:26.911+0000] {processor.py:161} INFO - Started process (PID=99) to work on /home/airflow/.local/lib/python3.8/site-packages/airflow/example_dags/example_branch_datetime_operator.py
[2024-03-24T02:47:26.912+0000] {processor.py:830} INFO - Processing file /home/airflow/.local/lib/python3.8/site-packages/airflow/example_dags/example_branch_datetime_operator.py for tasks to queue
[2024-03-24T02:47:26.914+0000] {logging_mixin.py:188} INFO - [2024-03-24T02:47:26.914+0000] {dagbag.py:538} INFO - Filling up the DagBag from /home/airflow/.local/lib/python3.8/site-packages/airflow/example_dags/example_branch_datetime_operator.py
[2024-03-24T02:47:26.921+0000] {processor.py:840} INFO - DAG(s) 'example_branch_datetime_operator_3', 'example_branch_datetime_operator_2', 'example_branch_datetime_operator' retrieved from /home/airflow/.local/lib/python3.8/site-packages/airflow/example_dags/example_branch_datetime_operator.py
[2024-03-24T02:47:26.929+0000] {logging_mixin.py:188} INFO - [2024-03-24T02:47:26.929+0000] {dag.py:3036} INFO - Sync 3 DAGs
[2024-03-24T02:47:26.946+0000] {logging_mixin.py:188} INFO - [2024-03-24T02:47:26.946+0000] {dag.py:3823} INFO - Setting next_dagrun for example_branch_datetime_operator to 2024-03-23 00:00:00+00:00, run_after=2024-03-24 00:00:00+00:00
[2024-03-24T02:47:26.949+0000] {logging_mixin.py:188} INFO - [2024-03-24T02:47:26.949+0000] {dag.py:3823} INFO - Setting next_dagrun for example_branch_datetime_operator_2 to 2024-03-23 00:00:00+00:00, run_after=2024-03-24 00:00:00+00:00
[2024-03-24T02:47:26.951+0000] {logging_mixin.py:188} INFO - [2024-03-24T02:47:26.951+0000] {dag.py:3823} INFO - Setting next_dagrun for example_branch_datetime_operator_3 to 2024-03-23 00:00:00+00:00, run_after=2024-03-24 00:00:00+00:00
[2024-03-24T02:47:26.962+0000] {processor.py:183} INFO - Processing /home/airflow/.local/lib/python3.8/site-packages/airflow/example_dags/example_branch_datetime_operator.py took 0.053 seconds
[2024-03-24T02:47:57.189+0000] {processor.py:161} INFO - Started process (PID=156) to work on /home/airflow/.local/lib/python3.8/site-packages/airflow/example_dags/example_branch_datetime_operator.py
[2024-03-24T02:47:57.190+0000] {processor.py:830} INFO - Processing file /home/airflow/.local/lib/python3.8/site-packages/airflow/example_dags/example_branch_datetime_operator.py for tasks to queue
[2024-03-24T02:47:57.191+0000] {logging_mixin.py:188} INFO - [2024-03-24T02:47:57.191+0000] {dagbag.py:538} INFO - Filling up the DagBag from /home/airflow/.local/lib/python3.8/site-packages/airflow/example_dags/example_branch_datetime_operator.py
[2024-03-24T02:47:57.199+0000] {processor.py:840} INFO - DAG(s) 'example_branch_datetime_operator_3', 'example_branch_datetime_operator_2', 'example_branch_datetime_operator' retrieved from /home/airflow/.local/lib/python3.8/site-packages/airflow/example_dags/example_branch_datetime_operator.py
[2024-03-24T02:47:57.285+0000] {logging_mixin.py:188} INFO - [2024-03-24T02:47:57.285+0000] {dag.py:3036} INFO - Sync 3 DAGs
[2024-03-24T02:47:57.301+0000] {logging_mixin.py:188} INFO - [2024-03-24T02:47:57.301+0000] {dag.py:3823} INFO - Setting next_dagrun for example_branch_datetime_operator to 2024-03-23 00:00:00+00:00, run_after=2024-03-24 00:00:00+00:00
[2024-03-24T02:47:57.304+0000] {logging_mixin.py:188} INFO - [2024-03-24T02:47:57.304+0000] {dag.py:3823} INFO - Setting next_dagrun for example_branch_datetime_operator_2 to 2024-03-23 00:00:00+00:00, run_after=2024-03-24 00:00:00+00:00
[2024-03-24T02:47:57.307+0000] {logging_mixin.py:188} INFO - [2024-03-24T02:47:57.306+0000] {dag.py:3823} INFO - Setting next_dagrun for example_branch_datetime_operator_3 to 2024-03-23 00:00:00+00:00, run_after=2024-03-24 00:00:00+00:00
[2024-03-24T02:47:57.320+0000] {processor.py:183} INFO - Processing /home/airflow/.local/lib/python3.8/site-packages/airflow/example_dags/example_branch_datetime_operator.py took 0.133 seconds
