[2024-03-24T02:46:57.344+0000] {processor.py:161} INFO - Started process (PID=52) to work on /home/airflow/.local/lib/python3.8/site-packages/airflow/example_dags/example_python_operator.py
[2024-03-24T02:46:57.345+0000] {processor.py:830} INFO - Processing file /home/airflow/.local/lib/python3.8/site-packages/airflow/example_dags/example_python_operator.py for tasks to queue
[2024-03-24T02:46:57.347+0000] {logging_mixin.py:188} INFO - [2024-03-24T02:46:57.347+0000] {dagbag.py:538} INFO - Filling up the DagBag from /home/airflow/.local/lib/python3.8/site-packages/airflow/example_dags/example_python_operator.py
[2024-03-24T02:46:57.362+0000] {processor.py:840} INFO - DAG(s) 'example_python_operator' retrieved from /home/airflow/.local/lib/python3.8/site-packages/airflow/example_dags/example_python_operator.py
[2024-03-24T02:46:57.456+0000] {logging_mixin.py:188} INFO - [2024-03-24T02:46:57.455+0000] {dag.py:3036} INFO - Sync 1 DAGs
[2024-03-24T02:46:57.468+0000] {logging_mixin.py:188} INFO - [2024-03-24T02:46:57.468+0000] {dag.py:3823} INFO - Setting next_dagrun for example_python_operator to None, run_after=None
[2024-03-24T02:46:57.496+0000] {processor.py:183} INFO - Processing /home/airflow/.local/lib/python3.8/site-packages/airflow/example_dags/example_python_operator.py took 0.157 seconds
[2024-03-24T02:47:28.426+0000] {processor.py:161} INFO - Started process (PID=109) to work on /home/airflow/.local/lib/python3.8/site-packages/airflow/example_dags/example_python_operator.py
[2024-03-24T02:47:28.427+0000] {processor.py:830} INFO - Processing file /home/airflow/.local/lib/python3.8/site-packages/airflow/example_dags/example_python_operator.py for tasks to queue
[2024-03-24T02:47:28.428+0000] {logging_mixin.py:188} INFO - [2024-03-24T02:47:28.428+0000] {dagbag.py:538} INFO - Filling up the DagBag from /home/airflow/.local/lib/python3.8/site-packages/airflow/example_dags/example_python_operator.py
[2024-03-24T02:47:28.438+0000] {processor.py:840} INFO - DAG(s) 'example_python_operator' retrieved from /home/airflow/.local/lib/python3.8/site-packages/airflow/example_dags/example_python_operator.py
[2024-03-24T02:47:28.448+0000] {logging_mixin.py:188} INFO - [2024-03-24T02:47:28.448+0000] {dag.py:3036} INFO - Sync 1 DAGs
[2024-03-24T02:47:28.456+0000] {logging_mixin.py:188} INFO - [2024-03-24T02:47:28.456+0000] {dag.py:3823} INFO - Setting next_dagrun for example_python_operator to None, run_after=None
[2024-03-24T02:47:28.470+0000] {processor.py:183} INFO - Processing /home/airflow/.local/lib/python3.8/site-packages/airflow/example_dags/example_python_operator.py took 0.047 seconds
[2024-03-24T02:47:58.841+0000] {processor.py:161} INFO - Started process (PID=166) to work on /home/airflow/.local/lib/python3.8/site-packages/airflow/example_dags/example_python_operator.py
[2024-03-24T02:47:58.842+0000] {processor.py:830} INFO - Processing file /home/airflow/.local/lib/python3.8/site-packages/airflow/example_dags/example_python_operator.py for tasks to queue
[2024-03-24T02:47:58.844+0000] {logging_mixin.py:188} INFO - [2024-03-24T02:47:58.843+0000] {dagbag.py:538} INFO - Filling up the DagBag from /home/airflow/.local/lib/python3.8/site-packages/airflow/example_dags/example_python_operator.py
[2024-03-24T02:47:58.851+0000] {processor.py:840} INFO - DAG(s) 'example_python_operator' retrieved from /home/airflow/.local/lib/python3.8/site-packages/airflow/example_dags/example_python_operator.py
[2024-03-24T02:47:58.921+0000] {logging_mixin.py:188} INFO - [2024-03-24T02:47:58.921+0000] {dag.py:3036} INFO - Sync 1 DAGs
[2024-03-24T02:47:58.929+0000] {logging_mixin.py:188} INFO - [2024-03-24T02:47:58.929+0000] {dag.py:3823} INFO - Setting next_dagrun for example_python_operator to None, run_after=None
[2024-03-24T02:47:58.943+0000] {processor.py:183} INFO - Processing /home/airflow/.local/lib/python3.8/site-packages/airflow/example_dags/example_python_operator.py took 0.105 seconds
