[2024-03-24T02:46:58.450+0000] {processor.py:161} INFO - Started process (PID=70) to work on /home/airflow/.local/lib/python3.8/site-packages/airflow/example_dags/example_complex.py
[2024-03-24T02:46:58.451+0000] {processor.py:830} INFO - Processing file /home/airflow/.local/lib/python3.8/site-packages/airflow/example_dags/example_complex.py for tasks to queue
[2024-03-24T02:46:58.452+0000] {logging_mixin.py:188} INFO - [2024-03-24T02:46:58.452+0000] {dagbag.py:538} INFO - Filling up the DagBag from /home/airflow/.local/lib/python3.8/site-packages/airflow/example_dags/example_complex.py
[2024-03-24T02:46:58.463+0000] {processor.py:840} INFO - DAG(s) 'example_complex' retrieved from /home/airflow/.local/lib/python3.8/site-packages/airflow/example_dags/example_complex.py
[2024-03-24T02:46:58.485+0000] {logging_mixin.py:188} INFO - [2024-03-24T02:46:58.485+0000] {dag.py:3036} INFO - Sync 1 DAGs
[2024-03-24T02:46:58.496+0000] {logging_mixin.py:188} INFO - [2024-03-24T02:46:58.496+0000] {dag.py:3823} INFO - Setting next_dagrun for example_complex to None, run_after=None
[2024-03-24T02:46:58.512+0000] {processor.py:183} INFO - Processing /home/airflow/.local/lib/python3.8/site-packages/airflow/example_dags/example_complex.py took 0.065 seconds
[2024-03-24T02:47:29.041+0000] {processor.py:161} INFO - Started process (PID=127) to work on /home/airflow/.local/lib/python3.8/site-packages/airflow/example_dags/example_complex.py
[2024-03-24T02:47:29.042+0000] {processor.py:830} INFO - Processing file /home/airflow/.local/lib/python3.8/site-packages/airflow/example_dags/example_complex.py for tasks to queue
[2024-03-24T02:47:29.043+0000] {logging_mixin.py:188} INFO - [2024-03-24T02:47:29.043+0000] {dagbag.py:538} INFO - Filling up the DagBag from /home/airflow/.local/lib/python3.8/site-packages/airflow/example_dags/example_complex.py
[2024-03-24T02:47:29.050+0000] {processor.py:840} INFO - DAG(s) 'example_complex' retrieved from /home/airflow/.local/lib/python3.8/site-packages/airflow/example_dags/example_complex.py
[2024-03-24T02:47:29.058+0000] {logging_mixin.py:188} INFO - [2024-03-24T02:47:29.058+0000] {dag.py:3036} INFO - Sync 1 DAGs
[2024-03-24T02:47:29.067+0000] {logging_mixin.py:188} INFO - [2024-03-24T02:47:29.067+0000] {dag.py:3823} INFO - Setting next_dagrun for example_complex to None, run_after=None
[2024-03-24T02:47:29.081+0000] {processor.py:183} INFO - Processing /home/airflow/.local/lib/python3.8/site-packages/airflow/example_dags/example_complex.py took 0.043 seconds
[2024-03-24T02:48:00.222+0000] {processor.py:161} INFO - Started process (PID=184) to work on /home/airflow/.local/lib/python3.8/site-packages/airflow/example_dags/example_complex.py
[2024-03-24T02:48:00.223+0000] {processor.py:830} INFO - Processing file /home/airflow/.local/lib/python3.8/site-packages/airflow/example_dags/example_complex.py for tasks to queue
[2024-03-24T02:48:00.225+0000] {logging_mixin.py:188} INFO - [2024-03-24T02:48:00.224+0000] {dagbag.py:538} INFO - Filling up the DagBag from /home/airflow/.local/lib/python3.8/site-packages/airflow/example_dags/example_complex.py
[2024-03-24T02:48:00.233+0000] {processor.py:840} INFO - DAG(s) 'example_complex' retrieved from /home/airflow/.local/lib/python3.8/site-packages/airflow/example_dags/example_complex.py
[2024-03-24T02:48:00.318+0000] {logging_mixin.py:188} INFO - [2024-03-24T02:48:00.318+0000] {dag.py:3036} INFO - Sync 1 DAGs
[2024-03-24T02:48:00.327+0000] {logging_mixin.py:188} INFO - [2024-03-24T02:48:00.326+0000] {dag.py:3823} INFO - Setting next_dagrun for example_complex to None, run_after=None
[2024-03-24T02:48:00.341+0000] {processor.py:183} INFO - Processing /home/airflow/.local/lib/python3.8/site-packages/airflow/example_dags/example_complex.py took 0.121 seconds
