[2024-03-24T02:46:57.243+0000] {processor.py:161} INFO - Started process (PID=50) to work on /home/airflow/.local/lib/python3.8/site-packages/airflow/example_dags/example_sensors.py
[2024-03-24T02:46:57.244+0000] {processor.py:830} INFO - Processing file /home/airflow/.local/lib/python3.8/site-packages/airflow/example_dags/example_sensors.py for tasks to queue
[2024-03-24T02:46:57.246+0000] {logging_mixin.py:188} INFO - [2024-03-24T02:46:57.245+0000] {dagbag.py:538} INFO - Filling up the DagBag from /home/airflow/.local/lib/python3.8/site-packages/airflow/example_dags/example_sensors.py
[2024-03-24T02:46:57.256+0000] {processor.py:840} INFO - DAG(s) 'example_sensors' retrieved from /home/airflow/.local/lib/python3.8/site-packages/airflow/example_dags/example_sensors.py
[2024-03-24T02:46:57.283+0000] {logging_mixin.py:188} INFO - [2024-03-24T02:46:57.283+0000] {dag.py:3036} INFO - Sync 1 DAGs
[2024-03-24T02:46:57.295+0000] {logging_mixin.py:188} INFO - [2024-03-24T02:46:57.295+0000] {dag.py:3823} INFO - Setting next_dagrun for example_sensors to None, run_after=None
[2024-03-24T02:46:57.312+0000] {processor.py:183} INFO - Processing /home/airflow/.local/lib/python3.8/site-packages/airflow/example_dags/example_sensors.py took 0.073 seconds
[2024-03-24T02:47:27.353+0000] {processor.py:161} INFO - Started process (PID=107) to work on /home/airflow/.local/lib/python3.8/site-packages/airflow/example_dags/example_sensors.py
[2024-03-24T02:47:27.354+0000] {processor.py:830} INFO - Processing file /home/airflow/.local/lib/python3.8/site-packages/airflow/example_dags/example_sensors.py for tasks to queue
[2024-03-24T02:47:27.355+0000] {logging_mixin.py:188} INFO - [2024-03-24T02:47:27.355+0000] {dagbag.py:538} INFO - Filling up the DagBag from /home/airflow/.local/lib/python3.8/site-packages/airflow/example_dags/example_sensors.py
[2024-03-24T02:47:27.361+0000] {processor.py:840} INFO - DAG(s) 'example_sensors' retrieved from /home/airflow/.local/lib/python3.8/site-packages/airflow/example_dags/example_sensors.py
[2024-03-24T02:47:27.370+0000] {logging_mixin.py:188} INFO - [2024-03-24T02:47:27.370+0000] {dag.py:3036} INFO - Sync 1 DAGs
[2024-03-24T02:47:27.378+0000] {logging_mixin.py:188} INFO - [2024-03-24T02:47:27.378+0000] {dag.py:3823} INFO - Setting next_dagrun for example_sensors to None, run_after=None
[2024-03-24T02:47:27.390+0000] {processor.py:183} INFO - Processing /home/airflow/.local/lib/python3.8/site-packages/airflow/example_dags/example_sensors.py took 0.039 seconds
[2024-03-24T02:47:57.705+0000] {processor.py:161} INFO - Started process (PID=164) to work on /home/airflow/.local/lib/python3.8/site-packages/airflow/example_dags/example_sensors.py
[2024-03-24T02:47:57.705+0000] {processor.py:830} INFO - Processing file /home/airflow/.local/lib/python3.8/site-packages/airflow/example_dags/example_sensors.py for tasks to queue
[2024-03-24T02:47:57.707+0000] {logging_mixin.py:188} INFO - [2024-03-24T02:47:57.707+0000] {dagbag.py:538} INFO - Filling up the DagBag from /home/airflow/.local/lib/python3.8/site-packages/airflow/example_dags/example_sensors.py
[2024-03-24T02:47:57.713+0000] {processor.py:840} INFO - DAG(s) 'example_sensors' retrieved from /home/airflow/.local/lib/python3.8/site-packages/airflow/example_dags/example_sensors.py
[2024-03-24T02:47:57.792+0000] {logging_mixin.py:188} INFO - [2024-03-24T02:47:57.792+0000] {dag.py:3036} INFO - Sync 1 DAGs
[2024-03-24T02:47:57.800+0000] {logging_mixin.py:188} INFO - [2024-03-24T02:47:57.800+0000] {dag.py:3823} INFO - Setting next_dagrun for example_sensors to None, run_after=None
[2024-03-24T02:47:57.813+0000] {processor.py:183} INFO - Processing /home/airflow/.local/lib/python3.8/site-packages/airflow/example_dags/example_sensors.py took 0.111 seconds
