[2024-03-24T02:46:57.697+0000] {processor.py:161} INFO - Started process (PID=56) to work on /home/airflow/.local/lib/python3.8/site-packages/airflow/example_dags/example_short_circuit_operator.py
[2024-03-24T02:46:57.699+0000] {processor.py:830} INFO - Processing file /home/airflow/.local/lib/python3.8/site-packages/airflow/example_dags/example_short_circuit_operator.py for tasks to queue
[2024-03-24T02:46:57.701+0000] {logging_mixin.py:188} INFO - [2024-03-24T02:46:57.701+0000] {dagbag.py:538} INFO - Filling up the DagBag from /home/airflow/.local/lib/python3.8/site-packages/airflow/example_dags/example_short_circuit_operator.py
[2024-03-24T02:46:57.711+0000] {processor.py:840} INFO - DAG(s) 'example_short_circuit_operator' retrieved from /home/airflow/.local/lib/python3.8/site-packages/airflow/example_dags/example_short_circuit_operator.py
[2024-03-24T02:46:57.739+0000] {logging_mixin.py:188} INFO - [2024-03-24T02:46:57.739+0000] {dag.py:3036} INFO - Sync 1 DAGs
[2024-03-24T02:46:57.763+0000] {logging_mixin.py:188} INFO - [2024-03-24T02:46:57.762+0000] {dag.py:3823} INFO - Setting next_dagrun for example_short_circuit_operator to 2024-03-23 00:00:00+00:00, run_after=2024-03-24 00:00:00+00:00
[2024-03-24T02:46:57.781+0000] {processor.py:183} INFO - Processing /home/airflow/.local/lib/python3.8/site-packages/airflow/example_dags/example_short_circuit_operator.py took 0.088 seconds
[2024-03-24T02:47:28.546+0000] {processor.py:161} INFO - Started process (PID=113) to work on /home/airflow/.local/lib/python3.8/site-packages/airflow/example_dags/example_short_circuit_operator.py
[2024-03-24T02:47:28.547+0000] {processor.py:830} INFO - Processing file /home/airflow/.local/lib/python3.8/site-packages/airflow/example_dags/example_short_circuit_operator.py for tasks to queue
[2024-03-24T02:47:28.548+0000] {logging_mixin.py:188} INFO - [2024-03-24T02:47:28.548+0000] {dagbag.py:538} INFO - Filling up the DagBag from /home/airflow/.local/lib/python3.8/site-packages/airflow/example_dags/example_short_circuit_operator.py
[2024-03-24T02:47:28.554+0000] {processor.py:840} INFO - DAG(s) 'example_short_circuit_operator' retrieved from /home/airflow/.local/lib/python3.8/site-packages/airflow/example_dags/example_short_circuit_operator.py
[2024-03-24T02:47:28.561+0000] {logging_mixin.py:188} INFO - [2024-03-24T02:47:28.561+0000] {dag.py:3036} INFO - Sync 1 DAGs
[2024-03-24T02:47:28.575+0000] {logging_mixin.py:188} INFO - [2024-03-24T02:47:28.575+0000] {dag.py:3823} INFO - Setting next_dagrun for example_short_circuit_operator to 2024-03-23 00:00:00+00:00, run_after=2024-03-24 00:00:00+00:00
[2024-03-24T02:47:28.588+0000] {processor.py:183} INFO - Processing /home/airflow/.local/lib/python3.8/site-packages/airflow/example_dags/example_short_circuit_operator.py took 0.044 seconds
[2024-03-24T02:47:59.091+0000] {processor.py:161} INFO - Started process (PID=170) to work on /home/airflow/.local/lib/python3.8/site-packages/airflow/example_dags/example_short_circuit_operator.py
[2024-03-24T02:47:59.092+0000] {processor.py:830} INFO - Processing file /home/airflow/.local/lib/python3.8/site-packages/airflow/example_dags/example_short_circuit_operator.py for tasks to queue
[2024-03-24T02:47:59.093+0000] {logging_mixin.py:188} INFO - [2024-03-24T02:47:59.093+0000] {dagbag.py:538} INFO - Filling up the DagBag from /home/airflow/.local/lib/python3.8/site-packages/airflow/example_dags/example_short_circuit_operator.py
[2024-03-24T02:47:59.099+0000] {processor.py:840} INFO - DAG(s) 'example_short_circuit_operator' retrieved from /home/airflow/.local/lib/python3.8/site-packages/airflow/example_dags/example_short_circuit_operator.py
[2024-03-24T02:47:59.172+0000] {logging_mixin.py:188} INFO - [2024-03-24T02:47:59.172+0000] {dag.py:3036} INFO - Sync 1 DAGs
[2024-03-24T02:47:59.188+0000] {logging_mixin.py:188} INFO - [2024-03-24T02:47:59.188+0000] {dag.py:3823} INFO - Setting next_dagrun for example_short_circuit_operator to 2024-03-23 00:00:00+00:00, run_after=2024-03-24 00:00:00+00:00
[2024-03-24T02:47:59.202+0000] {processor.py:183} INFO - Processing /home/airflow/.local/lib/python3.8/site-packages/airflow/example_dags/example_short_circuit_operator.py took 0.113 seconds
