[2024-03-24T02:46:57.404+0000] {processor.py:161} INFO - Started process (PID=53) to work on /home/airflow/.local/lib/python3.8/site-packages/airflow/example_dags/example_sla_dag.py
[2024-03-24T02:46:57.405+0000] {processor.py:830} INFO - Processing file /home/airflow/.local/lib/python3.8/site-packages/airflow/example_dags/example_sla_dag.py for tasks to queue
[2024-03-24T02:46:57.407+0000] {logging_mixin.py:188} INFO - [2024-03-24T02:46:57.407+0000] {dagbag.py:538} INFO - Filling up the DagBag from /home/airflow/.local/lib/python3.8/site-packages/airflow/example_dags/example_sla_dag.py
[2024-03-24T02:46:57.415+0000] {processor.py:840} INFO - DAG(s) 'example_sla_dag' retrieved from /home/airflow/.local/lib/python3.8/site-packages/airflow/example_dags/example_sla_dag.py
[2024-03-24T02:46:57.439+0000] {logging_mixin.py:188} INFO - [2024-03-24T02:46:57.438+0000] {dag.py:3036} INFO - Sync 1 DAGs
[2024-03-24T02:46:57.467+0000] {logging_mixin.py:188} INFO - [2024-03-24T02:46:57.467+0000] {dag.py:3823} INFO - Setting next_dagrun for example_sla_dag to 2024-03-24 02:44:00+00:00, run_after=2024-03-24 02:46:00+00:00
[2024-03-24T02:46:57.491+0000] {processor.py:183} INFO - Processing /home/airflow/.local/lib/python3.8/site-packages/airflow/example_dags/example_sla_dag.py took 0.090 seconds
[2024-03-24T02:47:28.430+0000] {processor.py:161} INFO - Started process (PID=110) to work on /home/airflow/.local/lib/python3.8/site-packages/airflow/example_dags/example_sla_dag.py
[2024-03-24T02:47:28.431+0000] {processor.py:830} INFO - Processing file /home/airflow/.local/lib/python3.8/site-packages/airflow/example_dags/example_sla_dag.py for tasks to queue
[2024-03-24T02:47:28.432+0000] {logging_mixin.py:188} INFO - [2024-03-24T02:47:28.432+0000] {dagbag.py:538} INFO - Filling up the DagBag from /home/airflow/.local/lib/python3.8/site-packages/airflow/example_dags/example_sla_dag.py
[2024-03-24T02:47:28.440+0000] {processor.py:840} INFO - DAG(s) 'example_sla_dag' retrieved from /home/airflow/.local/lib/python3.8/site-packages/airflow/example_dags/example_sla_dag.py
[2024-03-24T02:47:28.448+0000] {logging_mixin.py:188} INFO - [2024-03-24T02:47:28.448+0000] {dag.py:3036} INFO - Sync 1 DAGs
[2024-03-24T02:47:28.465+0000] {logging_mixin.py:188} INFO - [2024-03-24T02:47:28.465+0000] {dag.py:3823} INFO - Setting next_dagrun for example_sla_dag to 2024-03-24 02:44:00+00:00, run_after=2024-03-24 02:46:00+00:00
[2024-03-24T02:47:28.479+0000] {processor.py:183} INFO - Processing /home/airflow/.local/lib/python3.8/site-packages/airflow/example_dags/example_sla_dag.py took 0.052 seconds
[2024-03-24T02:47:58.841+0000] {processor.py:161} INFO - Started process (PID=167) to work on /home/airflow/.local/lib/python3.8/site-packages/airflow/example_dags/example_sla_dag.py
[2024-03-24T02:47:58.842+0000] {processor.py:830} INFO - Processing file /home/airflow/.local/lib/python3.8/site-packages/airflow/example_dags/example_sla_dag.py for tasks to queue
[2024-03-24T02:47:58.844+0000] {logging_mixin.py:188} INFO - [2024-03-24T02:47:58.844+0000] {dagbag.py:538} INFO - Filling up the DagBag from /home/airflow/.local/lib/python3.8/site-packages/airflow/example_dags/example_sla_dag.py
[2024-03-24T02:47:58.849+0000] {processor.py:840} INFO - DAG(s) 'example_sla_dag' retrieved from /home/airflow/.local/lib/python3.8/site-packages/airflow/example_dags/example_sla_dag.py
[2024-03-24T02:47:58.919+0000] {logging_mixin.py:188} INFO - [2024-03-24T02:47:58.919+0000] {dag.py:3036} INFO - Sync 1 DAGs
[2024-03-24T02:47:58.935+0000] {logging_mixin.py:188} INFO - [2024-03-24T02:47:58.935+0000] {dag.py:3823} INFO - Setting next_dagrun for example_sla_dag to 2024-03-24 02:44:00+00:00, run_after=2024-03-24 02:46:00+00:00
[2024-03-24T02:47:58.950+0000] {processor.py:183} INFO - Processing /home/airflow/.local/lib/python3.8/site-packages/airflow/example_dags/example_sla_dag.py took 0.112 seconds
