[2024-03-24T02:46:57.805+0000] {processor.py:161} INFO - Started process (PID=58) to work on /home/airflow/.local/lib/python3.8/site-packages/airflow/example_dags/example_task_group_decorator.py
[2024-03-24T02:46:57.807+0000] {processor.py:830} INFO - Processing file /home/airflow/.local/lib/python3.8/site-packages/airflow/example_dags/example_task_group_decorator.py for tasks to queue
[2024-03-24T02:46:57.808+0000] {logging_mixin.py:188} INFO - [2024-03-24T02:46:57.808+0000] {dagbag.py:538} INFO - Filling up the DagBag from /home/airflow/.local/lib/python3.8/site-packages/airflow/example_dags/example_task_group_decorator.py
[2024-03-24T02:46:57.821+0000] {processor.py:840} INFO - DAG(s) 'example_task_group_decorator' retrieved from /home/airflow/.local/lib/python3.8/site-packages/airflow/example_dags/example_task_group_decorator.py
[2024-03-24T02:46:57.847+0000] {logging_mixin.py:188} INFO - [2024-03-24T02:46:57.847+0000] {dag.py:3036} INFO - Sync 1 DAGs
[2024-03-24T02:46:57.872+0000] {logging_mixin.py:188} INFO - [2024-03-24T02:46:57.872+0000] {dag.py:3823} INFO - Setting next_dagrun for example_task_group_decorator to 2024-03-23 00:00:00+00:00, run_after=2024-03-24 00:00:00+00:00
[2024-03-24T02:46:57.894+0000] {processor.py:183} INFO - Processing /home/airflow/.local/lib/python3.8/site-packages/airflow/example_dags/example_task_group_decorator.py took 0.092 seconds
[2024-03-24T02:47:28.607+0000] {processor.py:161} INFO - Started process (PID=115) to work on /home/airflow/.local/lib/python3.8/site-packages/airflow/example_dags/example_task_group_decorator.py
[2024-03-24T02:47:28.608+0000] {processor.py:830} INFO - Processing file /home/airflow/.local/lib/python3.8/site-packages/airflow/example_dags/example_task_group_decorator.py for tasks to queue
[2024-03-24T02:47:28.610+0000] {logging_mixin.py:188} INFO - [2024-03-24T02:47:28.609+0000] {dagbag.py:538} INFO - Filling up the DagBag from /home/airflow/.local/lib/python3.8/site-packages/airflow/example_dags/example_task_group_decorator.py
[2024-03-24T02:47:28.621+0000] {processor.py:840} INFO - DAG(s) 'example_task_group_decorator' retrieved from /home/airflow/.local/lib/python3.8/site-packages/airflow/example_dags/example_task_group_decorator.py
[2024-03-24T02:47:28.630+0000] {logging_mixin.py:188} INFO - [2024-03-24T02:47:28.630+0000] {dag.py:3036} INFO - Sync 1 DAGs
[2024-03-24T02:47:28.646+0000] {logging_mixin.py:188} INFO - [2024-03-24T02:47:28.646+0000] {dag.py:3823} INFO - Setting next_dagrun for example_task_group_decorator to 2024-03-23 00:00:00+00:00, run_after=2024-03-24 00:00:00+00:00
[2024-03-24T02:47:28.659+0000] {processor.py:183} INFO - Processing /home/airflow/.local/lib/python3.8/site-packages/airflow/example_dags/example_task_group_decorator.py took 0.055 seconds
[2024-03-24T02:47:59.225+0000] {processor.py:161} INFO - Started process (PID=172) to work on /home/airflow/.local/lib/python3.8/site-packages/airflow/example_dags/example_task_group_decorator.py
[2024-03-24T02:47:59.226+0000] {processor.py:830} INFO - Processing file /home/airflow/.local/lib/python3.8/site-packages/airflow/example_dags/example_task_group_decorator.py for tasks to queue
[2024-03-24T02:47:59.227+0000] {logging_mixin.py:188} INFO - [2024-03-24T02:47:59.227+0000] {dagbag.py:538} INFO - Filling up the DagBag from /home/airflow/.local/lib/python3.8/site-packages/airflow/example_dags/example_task_group_decorator.py
[2024-03-24T02:47:59.238+0000] {processor.py:840} INFO - DAG(s) 'example_task_group_decorator' retrieved from /home/airflow/.local/lib/python3.8/site-packages/airflow/example_dags/example_task_group_decorator.py
[2024-03-24T02:47:59.308+0000] {logging_mixin.py:188} INFO - [2024-03-24T02:47:59.308+0000] {dag.py:3036} INFO - Sync 1 DAGs
[2024-03-24T02:47:59.323+0000] {logging_mixin.py:188} INFO - [2024-03-24T02:47:59.323+0000] {dag.py:3823} INFO - Setting next_dagrun for example_task_group_decorator to 2024-03-23 00:00:00+00:00, run_after=2024-03-24 00:00:00+00:00
[2024-03-24T02:47:59.337+0000] {processor.py:183} INFO - Processing /home/airflow/.local/lib/python3.8/site-packages/airflow/example_dags/example_task_group_decorator.py took 0.114 seconds
