[2024-03-24T02:46:58.968+0000] {processor.py:161} INFO - Started process (PID=80) to work on /home/airflow/.local/lib/python3.8/site-packages/airflow/example_dags/example_task_group.py
[2024-03-24T02:46:58.969+0000] {processor.py:830} INFO - Processing file /home/airflow/.local/lib/python3.8/site-packages/airflow/example_dags/example_task_group.py for tasks to queue
[2024-03-24T02:46:58.971+0000] {logging_mixin.py:188} INFO - [2024-03-24T02:46:58.971+0000] {dagbag.py:538} INFO - Filling up the DagBag from /home/airflow/.local/lib/python3.8/site-packages/airflow/example_dags/example_task_group.py
[2024-03-24T02:46:58.977+0000] {processor.py:840} INFO - DAG(s) 'example_task_group' retrieved from /home/airflow/.local/lib/python3.8/site-packages/airflow/example_dags/example_task_group.py
[2024-03-24T02:46:58.993+0000] {logging_mixin.py:188} INFO - [2024-03-24T02:46:58.992+0000] {dag.py:3036} INFO - Sync 1 DAGs
[2024-03-24T02:46:59.010+0000] {logging_mixin.py:188} INFO - [2024-03-24T02:46:59.010+0000] {dag.py:3823} INFO - Setting next_dagrun for example_task_group to 2024-03-23 00:00:00+00:00, run_after=2024-03-24 00:00:00+00:00
[2024-03-24T02:46:59.028+0000] {processor.py:183} INFO - Processing /home/airflow/.local/lib/python3.8/site-packages/airflow/example_dags/example_task_group.py took 0.062 seconds
[2024-03-24T02:47:29.375+0000] {processor.py:161} INFO - Started process (PID=137) to work on /home/airflow/.local/lib/python3.8/site-packages/airflow/example_dags/example_task_group.py
[2024-03-24T02:47:29.376+0000] {processor.py:830} INFO - Processing file /home/airflow/.local/lib/python3.8/site-packages/airflow/example_dags/example_task_group.py for tasks to queue
[2024-03-24T02:47:29.378+0000] {logging_mixin.py:188} INFO - [2024-03-24T02:47:29.377+0000] {dagbag.py:538} INFO - Filling up the DagBag from /home/airflow/.local/lib/python3.8/site-packages/airflow/example_dags/example_task_group.py
[2024-03-24T02:47:29.383+0000] {processor.py:840} INFO - DAG(s) 'example_task_group' retrieved from /home/airflow/.local/lib/python3.8/site-packages/airflow/example_dags/example_task_group.py
[2024-03-24T02:47:29.393+0000] {logging_mixin.py:188} INFO - [2024-03-24T02:47:29.393+0000] {dag.py:3036} INFO - Sync 1 DAGs
[2024-03-24T02:47:29.410+0000] {logging_mixin.py:188} INFO - [2024-03-24T02:47:29.410+0000] {dag.py:3823} INFO - Setting next_dagrun for example_task_group to 2024-03-23 00:00:00+00:00, run_after=2024-03-24 00:00:00+00:00
[2024-03-24T02:47:29.425+0000] {processor.py:183} INFO - Processing /home/airflow/.local/lib/python3.8/site-packages/airflow/example_dags/example_task_group.py took 0.053 seconds
[2024-03-24T02:48:01.062+0000] {processor.py:161} INFO - Started process (PID=194) to work on /home/airflow/.local/lib/python3.8/site-packages/airflow/example_dags/example_task_group.py
[2024-03-24T02:48:01.063+0000] {processor.py:830} INFO - Processing file /home/airflow/.local/lib/python3.8/site-packages/airflow/example_dags/example_task_group.py for tasks to queue
[2024-03-24T02:48:01.064+0000] {logging_mixin.py:188} INFO - [2024-03-24T02:48:01.064+0000] {dagbag.py:538} INFO - Filling up the DagBag from /home/airflow/.local/lib/python3.8/site-packages/airflow/example_dags/example_task_group.py
[2024-03-24T02:48:01.071+0000] {processor.py:840} INFO - DAG(s) 'example_task_group' retrieved from /home/airflow/.local/lib/python3.8/site-packages/airflow/example_dags/example_task_group.py
[2024-03-24T02:48:01.147+0000] {logging_mixin.py:188} INFO - [2024-03-24T02:48:01.147+0000] {dag.py:3036} INFO - Sync 1 DAGs
[2024-03-24T02:48:01.162+0000] {logging_mixin.py:188} INFO - [2024-03-24T02:48:01.161+0000] {dag.py:3823} INFO - Setting next_dagrun for example_task_group to 2024-03-23 00:00:00+00:00, run_after=2024-03-24 00:00:00+00:00
[2024-03-24T02:48:01.176+0000] {processor.py:183} INFO - Processing /home/airflow/.local/lib/python3.8/site-packages/airflow/example_dags/example_task_group.py took 0.117 seconds
