[2024-03-24T02:46:58.533+0000] {processor.py:161} INFO - Started process (PID=72) to work on /home/airflow/.local/lib/python3.8/site-packages/airflow/example_dags/example_short_circuit_decorator.py
[2024-03-24T02:46:58.534+0000] {processor.py:830} INFO - Processing file /home/airflow/.local/lib/python3.8/site-packages/airflow/example_dags/example_short_circuit_decorator.py for tasks to queue
[2024-03-24T02:46:58.535+0000] {logging_mixin.py:188} INFO - [2024-03-24T02:46:58.535+0000] {dagbag.py:538} INFO - Filling up the DagBag from /home/airflow/.local/lib/python3.8/site-packages/airflow/example_dags/example_short_circuit_decorator.py
[2024-03-24T02:46:58.546+0000] {processor.py:840} INFO - DAG(s) 'example_short_circuit_decorator' retrieved from /home/airflow/.local/lib/python3.8/site-packages/airflow/example_dags/example_short_circuit_decorator.py
[2024-03-24T02:46:58.567+0000] {logging_mixin.py:188} INFO - [2024-03-24T02:46:58.567+0000] {dag.py:3036} INFO - Sync 1 DAGs
[2024-03-24T02:46:58.587+0000] {logging_mixin.py:188} INFO - [2024-03-24T02:46:58.586+0000] {dag.py:3823} INFO - Setting next_dagrun for example_short_circuit_decorator to 2024-03-23 00:00:00+00:00, run_after=2024-03-24 00:00:00+00:00
[2024-03-24T02:46:58.605+0000] {processor.py:183} INFO - Processing /home/airflow/.local/lib/python3.8/site-packages/airflow/example_dags/example_short_circuit_decorator.py took 0.075 seconds
[2024-03-24T02:47:29.106+0000] {processor.py:161} INFO - Started process (PID=129) to work on /home/airflow/.local/lib/python3.8/site-packages/airflow/example_dags/example_short_circuit_decorator.py
[2024-03-24T02:47:29.107+0000] {processor.py:830} INFO - Processing file /home/airflow/.local/lib/python3.8/site-packages/airflow/example_dags/example_short_circuit_decorator.py for tasks to queue
[2024-03-24T02:47:29.108+0000] {logging_mixin.py:188} INFO - [2024-03-24T02:47:29.108+0000] {dagbag.py:538} INFO - Filling up the DagBag from /home/airflow/.local/lib/python3.8/site-packages/airflow/example_dags/example_short_circuit_decorator.py
[2024-03-24T02:47:29.115+0000] {processor.py:840} INFO - DAG(s) 'example_short_circuit_decorator' retrieved from /home/airflow/.local/lib/python3.8/site-packages/airflow/example_dags/example_short_circuit_decorator.py
[2024-03-24T02:47:29.122+0000] {logging_mixin.py:188} INFO - [2024-03-24T02:47:29.122+0000] {dag.py:3036} INFO - Sync 1 DAGs
[2024-03-24T02:47:29.137+0000] {logging_mixin.py:188} INFO - [2024-03-24T02:47:29.137+0000] {dag.py:3823} INFO - Setting next_dagrun for example_short_circuit_decorator to 2024-03-23 00:00:00+00:00, run_after=2024-03-24 00:00:00+00:00
[2024-03-24T02:47:29.150+0000] {processor.py:183} INFO - Processing /home/airflow/.local/lib/python3.8/site-packages/airflow/example_dags/example_short_circuit_decorator.py took 0.046 seconds
[2024-03-24T02:48:00.365+0000] {processor.py:161} INFO - Started process (PID=186) to work on /home/airflow/.local/lib/python3.8/site-packages/airflow/example_dags/example_short_circuit_decorator.py
[2024-03-24T02:48:00.365+0000] {processor.py:830} INFO - Processing file /home/airflow/.local/lib/python3.8/site-packages/airflow/example_dags/example_short_circuit_decorator.py for tasks to queue
[2024-03-24T02:48:00.367+0000] {logging_mixin.py:188} INFO - [2024-03-24T02:48:00.367+0000] {dagbag.py:538} INFO - Filling up the DagBag from /home/airflow/.local/lib/python3.8/site-packages/airflow/example_dags/example_short_circuit_decorator.py
[2024-03-24T02:48:00.373+0000] {processor.py:840} INFO - DAG(s) 'example_short_circuit_decorator' retrieved from /home/airflow/.local/lib/python3.8/site-packages/airflow/example_dags/example_short_circuit_decorator.py
[2024-03-24T02:48:00.449+0000] {logging_mixin.py:188} INFO - [2024-03-24T02:48:00.448+0000] {dag.py:3036} INFO - Sync 1 DAGs
[2024-03-24T02:48:00.463+0000] {logging_mixin.py:188} INFO - [2024-03-24T02:48:00.463+0000] {dag.py:3823} INFO - Setting next_dagrun for example_short_circuit_decorator to 2024-03-23 00:00:00+00:00, run_after=2024-03-24 00:00:00+00:00
[2024-03-24T02:48:00.476+0000] {processor.py:183} INFO - Processing /home/airflow/.local/lib/python3.8/site-packages/airflow/example_dags/example_short_circuit_decorator.py took 0.114 seconds
