[2024-03-24T02:46:58.362+0000] {processor.py:161} INFO - Started process (PID=68) to work on /home/airflow/.local/lib/python3.8/site-packages/airflow/example_dags/example_skip_dag.py
[2024-03-24T02:46:58.363+0000] {processor.py:830} INFO - Processing file /home/airflow/.local/lib/python3.8/site-packages/airflow/example_dags/example_skip_dag.py for tasks to queue
[2024-03-24T02:46:58.365+0000] {logging_mixin.py:188} INFO - [2024-03-24T02:46:58.365+0000] {dagbag.py:538} INFO - Filling up the DagBag from /home/airflow/.local/lib/python3.8/site-packages/airflow/example_dags/example_skip_dag.py
[2024-03-24T02:46:58.374+0000] {processor.py:840} INFO - DAG(s) 'example_skip_dag' retrieved from /home/airflow/.local/lib/python3.8/site-packages/airflow/example_dags/example_skip_dag.py
[2024-03-24T02:46:58.393+0000] {logging_mixin.py:188} INFO - [2024-03-24T02:46:58.393+0000] {dag.py:3036} INFO - Sync 1 DAGs
[2024-03-24T02:46:58.412+0000] {logging_mixin.py:188} INFO - [2024-03-24T02:46:58.412+0000] {dag.py:3823} INFO - Setting next_dagrun for example_skip_dag to 2024-03-23 00:00:00+00:00, run_after=2024-03-24 00:00:00+00:00
[2024-03-24T02:46:58.429+0000] {processor.py:183} INFO - Processing /home/airflow/.local/lib/python3.8/site-packages/airflow/example_dags/example_skip_dag.py took 0.070 seconds
[2024-03-24T02:47:28.978+0000] {processor.py:161} INFO - Started process (PID=125) to work on /home/airflow/.local/lib/python3.8/site-packages/airflow/example_dags/example_skip_dag.py
[2024-03-24T02:47:28.978+0000] {processor.py:830} INFO - Processing file /home/airflow/.local/lib/python3.8/site-packages/airflow/example_dags/example_skip_dag.py for tasks to queue
[2024-03-24T02:47:28.980+0000] {logging_mixin.py:188} INFO - [2024-03-24T02:47:28.980+0000] {dagbag.py:538} INFO - Filling up the DagBag from /home/airflow/.local/lib/python3.8/site-packages/airflow/example_dags/example_skip_dag.py
[2024-03-24T02:47:28.985+0000] {processor.py:840} INFO - DAG(s) 'example_skip_dag' retrieved from /home/airflow/.local/lib/python3.8/site-packages/airflow/example_dags/example_skip_dag.py
[2024-03-24T02:47:28.992+0000] {logging_mixin.py:188} INFO - [2024-03-24T02:47:28.992+0000] {dag.py:3036} INFO - Sync 1 DAGs
[2024-03-24T02:47:29.008+0000] {logging_mixin.py:188} INFO - [2024-03-24T02:47:29.007+0000] {dag.py:3823} INFO - Setting next_dagrun for example_skip_dag to 2024-03-23 00:00:00+00:00, run_after=2024-03-24 00:00:00+00:00
[2024-03-24T02:47:29.019+0000] {processor.py:183} INFO - Processing /home/airflow/.local/lib/python3.8/site-packages/airflow/example_dags/example_skip_dag.py took 0.044 seconds
[2024-03-24T02:48:00.083+0000] {processor.py:161} INFO - Started process (PID=182) to work on /home/airflow/.local/lib/python3.8/site-packages/airflow/example_dags/example_skip_dag.py
[2024-03-24T02:48:00.084+0000] {processor.py:830} INFO - Processing file /home/airflow/.local/lib/python3.8/site-packages/airflow/example_dags/example_skip_dag.py for tasks to queue
[2024-03-24T02:48:00.085+0000] {logging_mixin.py:188} INFO - [2024-03-24T02:48:00.085+0000] {dagbag.py:538} INFO - Filling up the DagBag from /home/airflow/.local/lib/python3.8/site-packages/airflow/example_dags/example_skip_dag.py
[2024-03-24T02:48:00.093+0000] {processor.py:840} INFO - DAG(s) 'example_skip_dag' retrieved from /home/airflow/.local/lib/python3.8/site-packages/airflow/example_dags/example_skip_dag.py
[2024-03-24T02:48:00.172+0000] {logging_mixin.py:188} INFO - [2024-03-24T02:48:00.172+0000] {dag.py:3036} INFO - Sync 1 DAGs
[2024-03-24T02:48:00.187+0000] {logging_mixin.py:188} INFO - [2024-03-24T02:48:00.187+0000] {dag.py:3823} INFO - Setting next_dagrun for example_skip_dag to 2024-03-23 00:00:00+00:00, run_after=2024-03-24 00:00:00+00:00
[2024-03-24T02:48:00.201+0000] {processor.py:183} INFO - Processing /home/airflow/.local/lib/python3.8/site-packages/airflow/example_dags/example_skip_dag.py took 0.120 seconds
