[2024-03-24T02:46:57.790+0000] {processor.py:161} INFO - Started process (PID=57) to work on /home/airflow/.local/lib/python3.8/site-packages/airflow/example_dags/example_branch_python_dop_operator_3.py
[2024-03-24T02:46:57.791+0000] {processor.py:830} INFO - Processing file /home/airflow/.local/lib/python3.8/site-packages/airflow/example_dags/example_branch_python_dop_operator_3.py for tasks to queue
[2024-03-24T02:46:57.792+0000] {logging_mixin.py:188} INFO - [2024-03-24T02:46:57.792+0000] {dagbag.py:538} INFO - Filling up the DagBag from /home/airflow/.local/lib/python3.8/site-packages/airflow/example_dags/example_branch_python_dop_operator_3.py
[2024-03-24T02:46:57.803+0000] {processor.py:840} INFO - DAG(s) 'example_branch_dop_operator_v3' retrieved from /home/airflow/.local/lib/python3.8/site-packages/airflow/example_dags/example_branch_python_dop_operator_3.py
[2024-03-24T02:46:57.820+0000] {logging_mixin.py:188} INFO - [2024-03-24T02:46:57.820+0000] {dag.py:3036} INFO - Sync 1 DAGs
[2024-03-24T02:46:57.847+0000] {logging_mixin.py:188} INFO - [2024-03-24T02:46:57.847+0000] {dag.py:3823} INFO - Setting next_dagrun for example_branch_dop_operator_v3 to 2024-03-24 02:45:00+00:00, run_after=2024-03-24 02:46:00+00:00
[2024-03-24T02:46:57.870+0000] {processor.py:183} INFO - Processing /home/airflow/.local/lib/python3.8/site-packages/airflow/example_dags/example_branch_python_dop_operator_3.py took 0.083 seconds
[2024-03-24T02:47:28.555+0000] {processor.py:161} INFO - Started process (PID=114) to work on /home/airflow/.local/lib/python3.8/site-packages/airflow/example_dags/example_branch_python_dop_operator_3.py
[2024-03-24T02:47:28.555+0000] {processor.py:830} INFO - Processing file /home/airflow/.local/lib/python3.8/site-packages/airflow/example_dags/example_branch_python_dop_operator_3.py for tasks to queue
[2024-03-24T02:47:28.557+0000] {logging_mixin.py:188} INFO - [2024-03-24T02:47:28.556+0000] {dagbag.py:538} INFO - Filling up the DagBag from /home/airflow/.local/lib/python3.8/site-packages/airflow/example_dags/example_branch_python_dop_operator_3.py
[2024-03-24T02:47:28.563+0000] {processor.py:840} INFO - DAG(s) 'example_branch_dop_operator_v3' retrieved from /home/airflow/.local/lib/python3.8/site-packages/airflow/example_dags/example_branch_python_dop_operator_3.py
[2024-03-24T02:47:28.570+0000] {logging_mixin.py:188} INFO - [2024-03-24T02:47:28.570+0000] {dag.py:3036} INFO - Sync 1 DAGs
[2024-03-24T02:47:28.589+0000] {logging_mixin.py:188} INFO - [2024-03-24T02:47:28.589+0000] {dag.py:3823} INFO - Setting next_dagrun for example_branch_dop_operator_v3 to 2024-03-24 02:46:00+00:00, run_after=2024-03-24 02:47:00+00:00
[2024-03-24T02:47:28.604+0000] {processor.py:183} INFO - Processing /home/airflow/.local/lib/python3.8/site-packages/airflow/example_dags/example_branch_python_dop_operator_3.py took 0.052 seconds
[2024-03-24T02:47:59.225+0000] {processor.py:161} INFO - Started process (PID=171) to work on /home/airflow/.local/lib/python3.8/site-packages/airflow/example_dags/example_branch_python_dop_operator_3.py
[2024-03-24T02:47:59.225+0000] {processor.py:830} INFO - Processing file /home/airflow/.local/lib/python3.8/site-packages/airflow/example_dags/example_branch_python_dop_operator_3.py for tasks to queue
[2024-03-24T02:47:59.228+0000] {logging_mixin.py:188} INFO - [2024-03-24T02:47:59.227+0000] {dagbag.py:538} INFO - Filling up the DagBag from /home/airflow/.local/lib/python3.8/site-packages/airflow/example_dags/example_branch_python_dop_operator_3.py
[2024-03-24T02:47:59.234+0000] {processor.py:840} INFO - DAG(s) 'example_branch_dop_operator_v3' retrieved from /home/airflow/.local/lib/python3.8/site-packages/airflow/example_dags/example_branch_python_dop_operator_3.py
[2024-03-24T02:47:59.300+0000] {logging_mixin.py:188} INFO - [2024-03-24T02:47:59.300+0000] {dag.py:3036} INFO - Sync 1 DAGs
[2024-03-24T02:47:59.319+0000] {logging_mixin.py:188} INFO - [2024-03-24T02:47:59.318+0000] {dag.py:3823} INFO - Setting next_dagrun for example_branch_dop_operator_v3 to 2024-03-24 02:46:00+00:00, run_after=2024-03-24 02:47:00+00:00
[2024-03-24T02:47:59.332+0000] {processor.py:183} INFO - Processing /home/airflow/.local/lib/python3.8/site-packages/airflow/example_dags/example_branch_python_dop_operator_3.py took 0.110 seconds
