[2024-03-24T02:46:58.772+0000] {processor.py:161} INFO - Started process (PID=76) to work on /home/airflow/.local/lib/python3.8/site-packages/airflow/example_dags/example_python_decorator.py
[2024-03-24T02:46:58.773+0000] {processor.py:830} INFO - Processing file /home/airflow/.local/lib/python3.8/site-packages/airflow/example_dags/example_python_decorator.py for tasks to queue
[2024-03-24T02:46:58.775+0000] {logging_mixin.py:188} INFO - [2024-03-24T02:46:58.774+0000] {dagbag.py:538} INFO - Filling up the DagBag from /home/airflow/.local/lib/python3.8/site-packages/airflow/example_dags/example_python_decorator.py
[2024-03-24T02:46:58.788+0000] {processor.py:840} INFO - DAG(s) 'example_python_decorator' retrieved from /home/airflow/.local/lib/python3.8/site-packages/airflow/example_dags/example_python_decorator.py
[2024-03-24T02:46:58.879+0000] {logging_mixin.py:188} INFO - [2024-03-24T02:46:58.879+0000] {dag.py:3036} INFO - Sync 1 DAGs
[2024-03-24T02:46:58.888+0000] {logging_mixin.py:188} INFO - [2024-03-24T02:46:58.888+0000] {dag.py:3823} INFO - Setting next_dagrun for example_python_decorator to None, run_after=None
[2024-03-24T02:46:58.907+0000] {processor.py:183} INFO - Processing /home/airflow/.local/lib/python3.8/site-packages/airflow/example_dags/example_python_decorator.py took 0.138 seconds
[2024-03-24T02:47:29.249+0000] {processor.py:161} INFO - Started process (PID=133) to work on /home/airflow/.local/lib/python3.8/site-packages/airflow/example_dags/example_python_decorator.py
[2024-03-24T02:47:29.250+0000] {processor.py:830} INFO - Processing file /home/airflow/.local/lib/python3.8/site-packages/airflow/example_dags/example_python_decorator.py for tasks to queue
[2024-03-24T02:47:29.251+0000] {logging_mixin.py:188} INFO - [2024-03-24T02:47:29.251+0000] {dagbag.py:538} INFO - Filling up the DagBag from /home/airflow/.local/lib/python3.8/site-packages/airflow/example_dags/example_python_decorator.py
[2024-03-24T02:47:29.261+0000] {processor.py:840} INFO - DAG(s) 'example_python_decorator' retrieved from /home/airflow/.local/lib/python3.8/site-packages/airflow/example_dags/example_python_decorator.py
[2024-03-24T02:47:29.270+0000] {logging_mixin.py:188} INFO - [2024-03-24T02:47:29.270+0000] {dag.py:3036} INFO - Sync 1 DAGs
[2024-03-24T02:47:29.282+0000] {logging_mixin.py:188} INFO - [2024-03-24T02:47:29.281+0000] {dag.py:3823} INFO - Setting next_dagrun for example_python_decorator to None, run_after=None
[2024-03-24T02:47:29.296+0000] {processor.py:183} INFO - Processing /home/airflow/.local/lib/python3.8/site-packages/airflow/example_dags/example_python_decorator.py took 0.050 seconds
[2024-03-24T02:48:00.776+0000] {processor.py:161} INFO - Started process (PID=190) to work on /home/airflow/.local/lib/python3.8/site-packages/airflow/example_dags/example_python_decorator.py
[2024-03-24T02:48:00.776+0000] {processor.py:830} INFO - Processing file /home/airflow/.local/lib/python3.8/site-packages/airflow/example_dags/example_python_decorator.py for tasks to queue
[2024-03-24T02:48:00.778+0000] {logging_mixin.py:188} INFO - [2024-03-24T02:48:00.778+0000] {dagbag.py:538} INFO - Filling up the DagBag from /home/airflow/.local/lib/python3.8/site-packages/airflow/example_dags/example_python_decorator.py
[2024-03-24T02:48:00.790+0000] {processor.py:840} INFO - DAG(s) 'example_python_decorator' retrieved from /home/airflow/.local/lib/python3.8/site-packages/airflow/example_dags/example_python_decorator.py
[2024-03-24T02:48:00.867+0000] {logging_mixin.py:188} INFO - [2024-03-24T02:48:00.866+0000] {dag.py:3036} INFO - Sync 1 DAGs
[2024-03-24T02:48:00.873+0000] {logging_mixin.py:188} INFO - [2024-03-24T02:48:00.873+0000] {dag.py:3823} INFO - Setting next_dagrun for example_python_decorator to None, run_after=None
[2024-03-24T02:48:00.894+0000] {processor.py:183} INFO - Processing /home/airflow/.local/lib/python3.8/site-packages/airflow/example_dags/example_python_decorator.py took 0.121 seconds
