[2024-03-24T02:46:56.947+0000] {processor.py:161} INFO - Started process (PID=47) to work on /home/airflow/.local/lib/python3.8/site-packages/airflow/example_dags/example_branch_operator.py
[2024-03-24T02:46:56.949+0000] {processor.py:830} INFO - Processing file /home/airflow/.local/lib/python3.8/site-packages/airflow/example_dags/example_branch_operator.py for tasks to queue
[2024-03-24T02:46:56.951+0000] {logging_mixin.py:188} INFO - [2024-03-24T02:46:56.951+0000] {dagbag.py:538} INFO - Filling up the DagBag from /home/airflow/.local/lib/python3.8/site-packages/airflow/example_dags/example_branch_operator.py
[2024-03-24T02:46:56.968+0000] {processor.py:840} INFO - DAG(s) 'example_branch_operator' retrieved from /home/airflow/.local/lib/python3.8/site-packages/airflow/example_dags/example_branch_operator.py
[2024-03-24T02:46:57.055+0000] {logging_mixin.py:188} INFO - [2024-03-24T02:46:57.055+0000] {dag.py:3036} INFO - Sync 1 DAGs
[2024-03-24T02:46:57.074+0000] {logging_mixin.py:188} INFO - [2024-03-24T02:46:57.074+0000] {dag.py:3823} INFO - Setting next_dagrun for example_branch_operator to 2024-03-23 00:00:00+00:00, run_after=2024-03-24 00:00:00+00:00
[2024-03-24T02:46:57.093+0000] {processor.py:183} INFO - Processing /home/airflow/.local/lib/python3.8/site-packages/airflow/example_dags/example_branch_operator.py took 0.150 seconds
[2024-03-24T02:47:27.159+0000] {processor.py:161} INFO - Started process (PID=104) to work on /home/airflow/.local/lib/python3.8/site-packages/airflow/example_dags/example_branch_operator.py
[2024-03-24T02:47:27.160+0000] {processor.py:830} INFO - Processing file /home/airflow/.local/lib/python3.8/site-packages/airflow/example_dags/example_branch_operator.py for tasks to queue
[2024-03-24T02:47:27.161+0000] {logging_mixin.py:188} INFO - [2024-03-24T02:47:27.161+0000] {dagbag.py:538} INFO - Filling up the DagBag from /home/airflow/.local/lib/python3.8/site-packages/airflow/example_dags/example_branch_operator.py
[2024-03-24T02:47:27.174+0000] {processor.py:840} INFO - DAG(s) 'example_branch_operator' retrieved from /home/airflow/.local/lib/python3.8/site-packages/airflow/example_dags/example_branch_operator.py
[2024-03-24T02:47:27.182+0000] {logging_mixin.py:188} INFO - [2024-03-24T02:47:27.182+0000] {dag.py:3036} INFO - Sync 1 DAGs
[2024-03-24T02:47:27.197+0000] {logging_mixin.py:188} INFO - [2024-03-24T02:47:27.197+0000] {dag.py:3823} INFO - Setting next_dagrun for example_branch_operator to 2024-03-23 00:00:00+00:00, run_after=2024-03-24 00:00:00+00:00
[2024-03-24T02:47:27.209+0000] {processor.py:183} INFO - Processing /home/airflow/.local/lib/python3.8/site-packages/airflow/example_dags/example_branch_operator.py took 0.053 seconds
[2024-03-24T02:47:57.514+0000] {processor.py:161} INFO - Started process (PID=161) to work on /home/airflow/.local/lib/python3.8/site-packages/airflow/example_dags/example_branch_operator.py
[2024-03-24T02:47:57.515+0000] {processor.py:830} INFO - Processing file /home/airflow/.local/lib/python3.8/site-packages/airflow/example_dags/example_branch_operator.py for tasks to queue
[2024-03-24T02:47:57.516+0000] {logging_mixin.py:188} INFO - [2024-03-24T02:47:57.516+0000] {dagbag.py:538} INFO - Filling up the DagBag from /home/airflow/.local/lib/python3.8/site-packages/airflow/example_dags/example_branch_operator.py
[2024-03-24T02:47:57.527+0000] {processor.py:840} INFO - DAG(s) 'example_branch_operator' retrieved from /home/airflow/.local/lib/python3.8/site-packages/airflow/example_dags/example_branch_operator.py
[2024-03-24T02:47:57.604+0000] {logging_mixin.py:188} INFO - [2024-03-24T02:47:57.604+0000] {dag.py:3036} INFO - Sync 1 DAGs
[2024-03-24T02:47:57.619+0000] {logging_mixin.py:188} INFO - [2024-03-24T02:47:57.619+0000] {dag.py:3823} INFO - Setting next_dagrun for example_branch_operator to 2024-03-23 00:00:00+00:00, run_after=2024-03-24 00:00:00+00:00
[2024-03-24T02:47:57.631+0000] {processor.py:183} INFO - Processing /home/airflow/.local/lib/python3.8/site-packages/airflow/example_dags/example_branch_operator.py took 0.119 seconds
