[2024-03-24T02:46:56.745+0000] {processor.py:161} INFO - Started process (PID=44) to work on /home/airflow/.local/lib/python3.8/site-packages/airflow/example_dags/example_dag_decorator.py
[2024-03-24T02:46:56.746+0000] {processor.py:830} INFO - Processing file /home/airflow/.local/lib/python3.8/site-packages/airflow/example_dags/example_dag_decorator.py for tasks to queue
[2024-03-24T02:46:56.748+0000] {logging_mixin.py:188} INFO - [2024-03-24T02:46:56.747+0000] {dagbag.py:538} INFO - Filling up the DagBag from /home/airflow/.local/lib/python3.8/site-packages/airflow/example_dags/example_dag_decorator.py
[2024-03-24T02:46:56.851+0000] {processor.py:840} INFO - DAG(s) 'example_dag_decorator' retrieved from /home/airflow/.local/lib/python3.8/site-packages/airflow/example_dags/example_dag_decorator.py
[2024-03-24T02:46:56.974+0000] {logging_mixin.py:188} INFO - [2024-03-24T02:46:56.974+0000] {dag.py:3036} INFO - Sync 1 DAGs
[2024-03-24T02:46:56.983+0000] {logging_mixin.py:188} INFO - [2024-03-24T02:46:56.983+0000] {dag.py:3823} INFO - Setting next_dagrun for example_dag_decorator to None, run_after=None
[2024-03-24T02:46:57.000+0000] {processor.py:183} INFO - Processing /home/airflow/.local/lib/python3.8/site-packages/airflow/example_dags/example_dag_decorator.py took 0.257 seconds
[2024-03-24T02:47:27.041+0000] {processor.py:161} INFO - Started process (PID=103) to work on /home/airflow/.local/lib/python3.8/site-packages/airflow/example_dags/example_dag_decorator.py
[2024-03-24T02:47:27.041+0000] {processor.py:830} INFO - Processing file /home/airflow/.local/lib/python3.8/site-packages/airflow/example_dags/example_dag_decorator.py for tasks to queue
[2024-03-24T02:47:27.043+0000] {logging_mixin.py:188} INFO - [2024-03-24T02:47:27.042+0000] {dagbag.py:538} INFO - Filling up the DagBag from /home/airflow/.local/lib/python3.8/site-packages/airflow/example_dags/example_dag_decorator.py
[2024-03-24T02:47:27.102+0000] {processor.py:840} INFO - DAG(s) 'example_dag_decorator' retrieved from /home/airflow/.local/lib/python3.8/site-packages/airflow/example_dags/example_dag_decorator.py
[2024-03-24T02:47:27.114+0000] {logging_mixin.py:188} INFO - [2024-03-24T02:47:27.113+0000] {dag.py:3036} INFO - Sync 1 DAGs
[2024-03-24T02:47:27.125+0000] {logging_mixin.py:188} INFO - [2024-03-24T02:47:27.125+0000] {dag.py:3823} INFO - Setting next_dagrun for example_dag_decorator to None, run_after=None
[2024-03-24T02:47:27.138+0000] {processor.py:183} INFO - Processing /home/airflow/.local/lib/python3.8/site-packages/airflow/example_dags/example_dag_decorator.py took 0.100 seconds
[2024-03-24T02:47:57.332+0000] {processor.py:161} INFO - Started process (PID=158) to work on /home/airflow/.local/lib/python3.8/site-packages/airflow/example_dags/example_dag_decorator.py
[2024-03-24T02:47:57.333+0000] {processor.py:830} INFO - Processing file /home/airflow/.local/lib/python3.8/site-packages/airflow/example_dags/example_dag_decorator.py for tasks to queue
[2024-03-24T02:47:57.335+0000] {logging_mixin.py:188} INFO - [2024-03-24T02:47:57.334+0000] {dagbag.py:538} INFO - Filling up the DagBag from /home/airflow/.local/lib/python3.8/site-packages/airflow/example_dags/example_dag_decorator.py
[2024-03-24T02:47:57.404+0000] {processor.py:840} INFO - DAG(s) 'example_dag_decorator' retrieved from /home/airflow/.local/lib/python3.8/site-packages/airflow/example_dags/example_dag_decorator.py
[2024-03-24T02:47:57.476+0000] {logging_mixin.py:188} INFO - [2024-03-24T02:47:57.476+0000] {dag.py:3036} INFO - Sync 1 DAGs
[2024-03-24T02:47:57.483+0000] {logging_mixin.py:188} INFO - [2024-03-24T02:47:57.483+0000] {dag.py:3823} INFO - Setting next_dagrun for example_dag_decorator to None, run_after=None
[2024-03-24T02:47:57.496+0000] {processor.py:183} INFO - Processing /home/airflow/.local/lib/python3.8/site-packages/airflow/example_dags/example_dag_decorator.py took 0.166 seconds
