[2024-03-24T02:46:58.155+0000] {processor.py:161} INFO - Started process (PID=63) to work on /home/airflow/.local/lib/python3.8/site-packages/airflow/example_dags/example_latest_only_with_trigger.py
[2024-03-24T02:46:58.156+0000] {processor.py:830} INFO - Processing file /home/airflow/.local/lib/python3.8/site-packages/airflow/example_dags/example_latest_only_with_trigger.py for tasks to queue
[2024-03-24T02:46:58.159+0000] {logging_mixin.py:188} INFO - [2024-03-24T02:46:58.158+0000] {dagbag.py:538} INFO - Filling up the DagBag from /home/airflow/.local/lib/python3.8/site-packages/airflow/example_dags/example_latest_only_with_trigger.py
[2024-03-24T02:46:58.167+0000] {processor.py:840} INFO - DAG(s) 'latest_only_with_trigger' retrieved from /home/airflow/.local/lib/python3.8/site-packages/airflow/example_dags/example_latest_only_with_trigger.py
[2024-03-24T02:46:58.187+0000] {logging_mixin.py:188} INFO - [2024-03-24T02:46:58.186+0000] {dag.py:3036} INFO - Sync 1 DAGs
[2024-03-24T02:46:58.205+0000] {logging_mixin.py:188} INFO - [2024-03-24T02:46:58.205+0000] {dag.py:3823} INFO - Setting next_dagrun for latest_only_with_trigger to 2024-03-23 20:00:00+00:00, run_after=2024-03-24 00:00:00+00:00
[2024-03-24T02:46:58.221+0000] {processor.py:183} INFO - Processing /home/airflow/.local/lib/python3.8/site-packages/airflow/example_dags/example_latest_only_with_trigger.py took 0.070 seconds
[2024-03-24T02:47:28.793+0000] {processor.py:161} INFO - Started process (PID=120) to work on /home/airflow/.local/lib/python3.8/site-packages/airflow/example_dags/example_latest_only_with_trigger.py
[2024-03-24T02:47:28.794+0000] {processor.py:830} INFO - Processing file /home/airflow/.local/lib/python3.8/site-packages/airflow/example_dags/example_latest_only_with_trigger.py for tasks to queue
[2024-03-24T02:47:28.795+0000] {logging_mixin.py:188} INFO - [2024-03-24T02:47:28.795+0000] {dagbag.py:538} INFO - Filling up the DagBag from /home/airflow/.local/lib/python3.8/site-packages/airflow/example_dags/example_latest_only_with_trigger.py
[2024-03-24T02:47:28.799+0000] {processor.py:840} INFO - DAG(s) 'latest_only_with_trigger' retrieved from /home/airflow/.local/lib/python3.8/site-packages/airflow/example_dags/example_latest_only_with_trigger.py
[2024-03-24T02:47:28.807+0000] {logging_mixin.py:188} INFO - [2024-03-24T02:47:28.806+0000] {dag.py:3036} INFO - Sync 1 DAGs
[2024-03-24T02:47:28.823+0000] {logging_mixin.py:188} INFO - [2024-03-24T02:47:28.823+0000] {dag.py:3823} INFO - Setting next_dagrun for latest_only_with_trigger to 2024-03-23 20:00:00+00:00, run_after=2024-03-24 00:00:00+00:00
[2024-03-24T02:47:28.835+0000] {processor.py:183} INFO - Processing /home/airflow/.local/lib/python3.8/site-packages/airflow/example_dags/example_latest_only_with_trigger.py took 0.045 seconds
[2024-03-24T02:47:59.723+0000] {processor.py:161} INFO - Started process (PID=177) to work on /home/airflow/.local/lib/python3.8/site-packages/airflow/example_dags/example_latest_only_with_trigger.py
[2024-03-24T02:47:59.724+0000] {processor.py:830} INFO - Processing file /home/airflow/.local/lib/python3.8/site-packages/airflow/example_dags/example_latest_only_with_trigger.py for tasks to queue
[2024-03-24T02:47:59.725+0000] {logging_mixin.py:188} INFO - [2024-03-24T02:47:59.725+0000] {dagbag.py:538} INFO - Filling up the DagBag from /home/airflow/.local/lib/python3.8/site-packages/airflow/example_dags/example_latest_only_with_trigger.py
[2024-03-24T02:47:59.730+0000] {processor.py:840} INFO - DAG(s) 'latest_only_with_trigger' retrieved from /home/airflow/.local/lib/python3.8/site-packages/airflow/example_dags/example_latest_only_with_trigger.py
[2024-03-24T02:47:59.795+0000] {logging_mixin.py:188} INFO - [2024-03-24T02:47:59.795+0000] {dag.py:3036} INFO - Sync 1 DAGs
[2024-03-24T02:47:59.810+0000] {logging_mixin.py:188} INFO - [2024-03-24T02:47:59.809+0000] {dag.py:3823} INFO - Setting next_dagrun for latest_only_with_trigger to 2024-03-23 20:00:00+00:00, run_after=2024-03-24 00:00:00+00:00
[2024-03-24T02:47:59.823+0000] {processor.py:183} INFO - Processing /home/airflow/.local/lib/python3.8/site-packages/airflow/example_dags/example_latest_only_with_trigger.py took 0.103 seconds
