[2024-03-24T02:46:58.495+0000] {processor.py:161} INFO - Started process (PID=71) to work on /home/airflow/.local/lib/python3.8/site-packages/airflow/example_dags/example_branch_labels.py
[2024-03-24T02:46:58.496+0000] {processor.py:830} INFO - Processing file /home/airflow/.local/lib/python3.8/site-packages/airflow/example_dags/example_branch_labels.py for tasks to queue
[2024-03-24T02:46:58.497+0000] {logging_mixin.py:188} INFO - [2024-03-24T02:46:58.497+0000] {dagbag.py:538} INFO - Filling up the DagBag from /home/airflow/.local/lib/python3.8/site-packages/airflow/example_dags/example_branch_labels.py
[2024-03-24T02:46:58.505+0000] {processor.py:840} INFO - DAG(s) 'example_branch_labels' retrieved from /home/airflow/.local/lib/python3.8/site-packages/airflow/example_dags/example_branch_labels.py
[2024-03-24T02:46:58.525+0000] {logging_mixin.py:188} INFO - [2024-03-24T02:46:58.525+0000] {dag.py:3036} INFO - Sync 1 DAGs
[2024-03-24T02:46:58.549+0000] {logging_mixin.py:188} INFO - [2024-03-24T02:46:58.548+0000] {dag.py:3823} INFO - Setting next_dagrun for example_branch_labels to 2024-03-23 00:00:00+00:00, run_after=2024-03-24 00:00:00+00:00
[2024-03-24T02:46:58.565+0000] {processor.py:183} INFO - Processing /home/airflow/.local/lib/python3.8/site-packages/airflow/example_dags/example_branch_labels.py took 0.073 seconds
[2024-03-24T02:47:29.099+0000] {processor.py:161} INFO - Started process (PID=128) to work on /home/airflow/.local/lib/python3.8/site-packages/airflow/example_dags/example_branch_labels.py
[2024-03-24T02:47:29.100+0000] {processor.py:830} INFO - Processing file /home/airflow/.local/lib/python3.8/site-packages/airflow/example_dags/example_branch_labels.py for tasks to queue
[2024-03-24T02:47:29.101+0000] {logging_mixin.py:188} INFO - [2024-03-24T02:47:29.101+0000] {dagbag.py:538} INFO - Filling up the DagBag from /home/airflow/.local/lib/python3.8/site-packages/airflow/example_dags/example_branch_labels.py
[2024-03-24T02:47:29.106+0000] {processor.py:840} INFO - DAG(s) 'example_branch_labels' retrieved from /home/airflow/.local/lib/python3.8/site-packages/airflow/example_dags/example_branch_labels.py
[2024-03-24T02:47:29.114+0000] {logging_mixin.py:188} INFO - [2024-03-24T02:47:29.114+0000] {dag.py:3036} INFO - Sync 1 DAGs
[2024-03-24T02:47:29.130+0000] {logging_mixin.py:188} INFO - [2024-03-24T02:47:29.129+0000] {dag.py:3823} INFO - Setting next_dagrun for example_branch_labels to 2024-03-23 00:00:00+00:00, run_after=2024-03-24 00:00:00+00:00
[2024-03-24T02:47:29.141+0000] {processor.py:183} INFO - Processing /home/airflow/.local/lib/python3.8/site-packages/airflow/example_dags/example_branch_labels.py took 0.044 seconds
[2024-03-24T02:48:00.363+0000] {processor.py:161} INFO - Started process (PID=185) to work on /home/airflow/.local/lib/python3.8/site-packages/airflow/example_dags/example_branch_labels.py
[2024-03-24T02:48:00.364+0000] {processor.py:830} INFO - Processing file /home/airflow/.local/lib/python3.8/site-packages/airflow/example_dags/example_branch_labels.py for tasks to queue
[2024-03-24T02:48:00.365+0000] {logging_mixin.py:188} INFO - [2024-03-24T02:48:00.365+0000] {dagbag.py:538} INFO - Filling up the DagBag from /home/airflow/.local/lib/python3.8/site-packages/airflow/example_dags/example_branch_labels.py
[2024-03-24T02:48:00.371+0000] {processor.py:840} INFO - DAG(s) 'example_branch_labels' retrieved from /home/airflow/.local/lib/python3.8/site-packages/airflow/example_dags/example_branch_labels.py
[2024-03-24T02:48:00.445+0000] {logging_mixin.py:188} INFO - [2024-03-24T02:48:00.445+0000] {dag.py:3036} INFO - Sync 1 DAGs
[2024-03-24T02:48:00.461+0000] {logging_mixin.py:188} INFO - [2024-03-24T02:48:00.461+0000] {dag.py:3823} INFO - Setting next_dagrun for example_branch_labels to 2024-03-23 00:00:00+00:00, run_after=2024-03-24 00:00:00+00:00
[2024-03-24T02:48:00.473+0000] {processor.py:183} INFO - Processing /home/airflow/.local/lib/python3.8/site-packages/airflow/example_dags/example_branch_labels.py took 0.113 seconds
