[2024-03-24T02:46:59.030+0000] {processor.py:161} INFO - Started process (PID=81) to work on /home/airflow/.local/lib/python3.8/site-packages/airflow/example_dags/example_xcomargs.py
[2024-03-24T02:46:59.031+0000] {processor.py:830} INFO - Processing file /home/airflow/.local/lib/python3.8/site-packages/airflow/example_dags/example_xcomargs.py for tasks to queue
[2024-03-24T02:46:59.033+0000] {logging_mixin.py:188} INFO - [2024-03-24T02:46:59.033+0000] {dagbag.py:538} INFO - Filling up the DagBag from /home/airflow/.local/lib/python3.8/site-packages/airflow/example_dags/example_xcomargs.py
[2024-03-24T02:46:59.041+0000] {processor.py:840} INFO - DAG(s) 'example_xcom_args_with_operators', 'example_xcom_args' retrieved from /home/airflow/.local/lib/python3.8/site-packages/airflow/example_dags/example_xcomargs.py
[2024-03-24T02:46:59.061+0000] {logging_mixin.py:188} INFO - [2024-03-24T02:46:59.060+0000] {dag.py:3036} INFO - Sync 2 DAGs
[2024-03-24T02:46:59.071+0000] {logging_mixin.py:188} INFO - [2024-03-24T02:46:59.070+0000] {dag.py:3823} INFO - Setting next_dagrun for example_xcom_args to None, run_after=None
[2024-03-24T02:46:59.074+0000] {logging_mixin.py:188} INFO - [2024-03-24T02:46:59.074+0000] {dag.py:3823} INFO - Setting next_dagrun for example_xcom_args_with_operators to None, run_after=None
[2024-03-24T02:46:59.089+0000] {processor.py:183} INFO - Processing /home/airflow/.local/lib/python3.8/site-packages/airflow/example_dags/example_xcomargs.py took 0.063 seconds
[2024-03-24T02:47:29.435+0000] {processor.py:161} INFO - Started process (PID=138) to work on /home/airflow/.local/lib/python3.8/site-packages/airflow/example_dags/example_xcomargs.py
[2024-03-24T02:47:29.436+0000] {processor.py:830} INFO - Processing file /home/airflow/.local/lib/python3.8/site-packages/airflow/example_dags/example_xcomargs.py for tasks to queue
[2024-03-24T02:47:29.437+0000] {logging_mixin.py:188} INFO - [2024-03-24T02:47:29.437+0000] {dagbag.py:538} INFO - Filling up the DagBag from /home/airflow/.local/lib/python3.8/site-packages/airflow/example_dags/example_xcomargs.py
[2024-03-24T02:47:29.443+0000] {processor.py:840} INFO - DAG(s) 'example_xcom_args_with_operators', 'example_xcom_args' retrieved from /home/airflow/.local/lib/python3.8/site-packages/airflow/example_dags/example_xcomargs.py
[2024-03-24T02:47:29.452+0000] {logging_mixin.py:188} INFO - [2024-03-24T02:47:29.452+0000] {dag.py:3036} INFO - Sync 2 DAGs
[2024-03-24T02:47:29.463+0000] {logging_mixin.py:188} INFO - [2024-03-24T02:47:29.463+0000] {dag.py:3823} INFO - Setting next_dagrun for example_xcom_args to None, run_after=None
[2024-03-24T02:47:29.465+0000] {logging_mixin.py:188} INFO - [2024-03-24T02:47:29.465+0000] {dag.py:3823} INFO - Setting next_dagrun for example_xcom_args_with_operators to None, run_after=None
[2024-03-24T02:47:29.478+0000] {processor.py:183} INFO - Processing /home/airflow/.local/lib/python3.8/site-packages/airflow/example_dags/example_xcomargs.py took 0.045 seconds
[2024-03-24T02:48:01.084+0000] {processor.py:161} INFO - Started process (PID=195) to work on /home/airflow/.local/lib/python3.8/site-packages/airflow/example_dags/example_xcomargs.py
[2024-03-24T02:48:01.085+0000] {processor.py:830} INFO - Processing file /home/airflow/.local/lib/python3.8/site-packages/airflow/example_dags/example_xcomargs.py for tasks to queue
[2024-03-24T02:48:01.086+0000] {logging_mixin.py:188} INFO - [2024-03-24T02:48:01.086+0000] {dagbag.py:538} INFO - Filling up the DagBag from /home/airflow/.local/lib/python3.8/site-packages/airflow/example_dags/example_xcomargs.py
[2024-03-24T02:48:01.094+0000] {processor.py:840} INFO - DAG(s) 'example_xcom_args', 'example_xcom_args_with_operators' retrieved from /home/airflow/.local/lib/python3.8/site-packages/airflow/example_dags/example_xcomargs.py
[2024-03-24T02:48:01.173+0000] {logging_mixin.py:188} INFO - [2024-03-24T02:48:01.173+0000] {dag.py:3036} INFO - Sync 2 DAGs
[2024-03-24T02:48:01.183+0000] {logging_mixin.py:188} INFO - [2024-03-24T02:48:01.183+0000] {dag.py:3823} INFO - Setting next_dagrun for example_xcom_args to None, run_after=None
[2024-03-24T02:48:01.185+0000] {logging_mixin.py:188} INFO - [2024-03-24T02:48:01.185+0000] {dag.py:3823} INFO - Setting next_dagrun for example_xcom_args_with_operators to None, run_after=None
[2024-03-24T02:48:01.199+0000] {processor.py:183} INFO - Processing /home/airflow/.local/lib/python3.8/site-packages/airflow/example_dags/example_xcomargs.py took 0.118 seconds
