[2024-03-24T02:46:58.332+0000] {processor.py:161} INFO - Started process (PID=67) to work on /home/airflow/.local/lib/python3.8/site-packages/airflow/example_dags/tutorial_dag.py
[2024-03-24T02:46:58.334+0000] {processor.py:830} INFO - Processing file /home/airflow/.local/lib/python3.8/site-packages/airflow/example_dags/tutorial_dag.py for tasks to queue
[2024-03-24T02:46:58.335+0000] {logging_mixin.py:188} INFO - [2024-03-24T02:46:58.335+0000] {dagbag.py:538} INFO - Filling up the DagBag from /home/airflow/.local/lib/python3.8/site-packages/airflow/example_dags/tutorial_dag.py
[2024-03-24T02:46:58.344+0000] {processor.py:840} INFO - DAG(s) 'tutorial_dag' retrieved from /home/airflow/.local/lib/python3.8/site-packages/airflow/example_dags/tutorial_dag.py
[2024-03-24T02:46:58.360+0000] {logging_mixin.py:188} INFO - [2024-03-24T02:46:58.360+0000] {dag.py:3036} INFO - Sync 1 DAGs
[2024-03-24T02:46:58.370+0000] {logging_mixin.py:188} INFO - [2024-03-24T02:46:58.370+0000] {dag.py:3823} INFO - Setting next_dagrun for tutorial_dag to None, run_after=None
[2024-03-24T02:46:58.387+0000] {processor.py:183} INFO - Processing /home/airflow/.local/lib/python3.8/site-packages/airflow/example_dags/tutorial_dag.py took 0.057 seconds
[2024-03-24T02:47:28.919+0000] {processor.py:161} INFO - Started process (PID=124) to work on /home/airflow/.local/lib/python3.8/site-packages/airflow/example_dags/tutorial_dag.py
[2024-03-24T02:47:28.920+0000] {processor.py:830} INFO - Processing file /home/airflow/.local/lib/python3.8/site-packages/airflow/example_dags/tutorial_dag.py for tasks to queue
[2024-03-24T02:47:28.922+0000] {logging_mixin.py:188} INFO - [2024-03-24T02:47:28.921+0000] {dagbag.py:538} INFO - Filling up the DagBag from /home/airflow/.local/lib/python3.8/site-packages/airflow/example_dags/tutorial_dag.py
[2024-03-24T02:47:28.927+0000] {processor.py:840} INFO - DAG(s) 'tutorial_dag' retrieved from /home/airflow/.local/lib/python3.8/site-packages/airflow/example_dags/tutorial_dag.py
[2024-03-24T02:47:28.935+0000] {logging_mixin.py:188} INFO - [2024-03-24T02:47:28.935+0000] {dag.py:3036} INFO - Sync 1 DAGs
[2024-03-24T02:47:28.944+0000] {logging_mixin.py:188} INFO - [2024-03-24T02:47:28.944+0000] {dag.py:3823} INFO - Setting next_dagrun for tutorial_dag to None, run_after=None
[2024-03-24T02:47:28.958+0000] {processor.py:183} INFO - Processing /home/airflow/.local/lib/python3.8/site-packages/airflow/example_dags/tutorial_dag.py took 0.042 seconds
[2024-03-24T02:47:59.966+0000] {processor.py:161} INFO - Started process (PID=181) to work on /home/airflow/.local/lib/python3.8/site-packages/airflow/example_dags/tutorial_dag.py
[2024-03-24T02:47:59.966+0000] {processor.py:830} INFO - Processing file /home/airflow/.local/lib/python3.8/site-packages/airflow/example_dags/tutorial_dag.py for tasks to queue
[2024-03-24T02:47:59.968+0000] {logging_mixin.py:188} INFO - [2024-03-24T02:47:59.968+0000] {dagbag.py:538} INFO - Filling up the DagBag from /home/airflow/.local/lib/python3.8/site-packages/airflow/example_dags/tutorial_dag.py
[2024-03-24T02:47:59.971+0000] {processor.py:840} INFO - DAG(s) 'tutorial_dag' retrieved from /home/airflow/.local/lib/python3.8/site-packages/airflow/example_dags/tutorial_dag.py
[2024-03-24T02:48:00.042+0000] {logging_mixin.py:188} INFO - [2024-03-24T02:48:00.042+0000] {dag.py:3036} INFO - Sync 1 DAGs
[2024-03-24T02:48:00.050+0000] {logging_mixin.py:188} INFO - [2024-03-24T02:48:00.050+0000] {dag.py:3823} INFO - Setting next_dagrun for tutorial_dag to None, run_after=None
[2024-03-24T02:48:00.062+0000] {processor.py:183} INFO - Processing /home/airflow/.local/lib/python3.8/site-packages/airflow/example_dags/tutorial_dag.py took 0.099 seconds
