[2024-03-24T02:46:56.460+0000] {processor.py:161} INFO - Started process (PID=39) to work on /opt/airflow/dags/etl_pipeline.py
[2024-03-24T02:46:56.461+0000] {processor.py:830} INFO - Processing file /opt/airflow/dags/etl_pipeline.py for tasks to queue
[2024-03-24T02:46:56.463+0000] {logging_mixin.py:188} INFO - [2024-03-24T02:46:56.463+0000] {dagbag.py:538} INFO - Filling up the DagBag from /opt/airflow/dags/etl_pipeline.py
[2024-03-24T02:46:56.480+0000] {processor.py:840} INFO - DAG(s) 'etl_twitter_pipeline' retrieved from /opt/airflow/dags/etl_pipeline.py
[2024-03-24T02:46:56.513+0000] {logging_mixin.py:188} INFO - [2024-03-24T02:46:56.513+0000] {dag.py:3036} INFO - Sync 1 DAGs
[2024-03-24T02:46:56.535+0000] {logging_mixin.py:188} INFO - [2024-03-24T02:46:56.534+0000] {dag.py:3823} INFO - Setting next_dagrun for etl_twitter_pipeline to 2023-02-05 00:00:00+00:00, run_after=2023-02-05 00:02:00+00:00
[2024-03-24T02:46:56.552+0000] {processor.py:183} INFO - Processing /opt/airflow/dags/etl_pipeline.py took 0.095 seconds
[2024-03-24T02:47:26.783+0000] {processor.py:161} INFO - Started process (PID=96) to work on /opt/airflow/dags/etl_pipeline.py
[2024-03-24T02:47:26.784+0000] {processor.py:830} INFO - Processing file /opt/airflow/dags/etl_pipeline.py for tasks to queue
[2024-03-24T02:47:26.785+0000] {logging_mixin.py:188} INFO - [2024-03-24T02:47:26.785+0000] {dagbag.py:538} INFO - Filling up the DagBag from /opt/airflow/dags/etl_pipeline.py
[2024-03-24T02:47:26.794+0000] {processor.py:840} INFO - DAG(s) 'etl_twitter_pipeline' retrieved from /opt/airflow/dags/etl_pipeline.py
[2024-03-24T02:47:26.864+0000] {logging_mixin.py:188} INFO - [2024-03-24T02:47:26.864+0000] {dag.py:3036} INFO - Sync 1 DAGs
[2024-03-24T02:47:26.879+0000] {logging_mixin.py:188} INFO - [2024-03-24T02:47:26.879+0000] {dag.py:3823} INFO - Setting next_dagrun for etl_twitter_pipeline to 2023-02-05 00:00:00+00:00, run_after=2023-02-05 00:02:00+00:00
[2024-03-24T02:47:26.893+0000] {processor.py:183} INFO - Processing /opt/airflow/dags/etl_pipeline.py took 0.112 seconds
[2024-03-24T02:47:57.025+0000] {processor.py:161} INFO - Started process (PID=153) to work on /opt/airflow/dags/etl_pipeline.py
[2024-03-24T02:47:57.025+0000] {processor.py:830} INFO - Processing file /opt/airflow/dags/etl_pipeline.py for tasks to queue
[2024-03-24T02:47:57.027+0000] {logging_mixin.py:188} INFO - [2024-03-24T02:47:57.027+0000] {dagbag.py:538} INFO - Filling up the DagBag from /opt/airflow/dags/etl_pipeline.py
[2024-03-24T02:47:57.035+0000] {processor.py:840} INFO - DAG(s) 'etl_twitter_pipeline' retrieved from /opt/airflow/dags/etl_pipeline.py
[2024-03-24T02:47:57.049+0000] {logging_mixin.py:188} INFO - [2024-03-24T02:47:57.049+0000] {dag.py:3036} INFO - Sync 1 DAGs
[2024-03-24T02:47:57.068+0000] {logging_mixin.py:188} INFO - [2024-03-24T02:47:57.068+0000] {dag.py:3823} INFO - Setting next_dagrun for etl_twitter_pipeline to 2023-02-05 00:00:00+00:00, run_after=2023-02-05 00:02:00+00:00
[2024-03-24T02:47:57.081+0000] {processor.py:183} INFO - Processing /opt/airflow/dags/etl_pipeline.py took 0.060 seconds
